Build started 21/11/13 19:39:25.
     1>Project "I:\[Learn] Programming C Visual Studio\LearnCode\cyclonchip8\cyclonchip8.vcxproj" on node 2 (build target(s)).
     1>InitializeBuildStatus:
         Touching "Debug\cyclonchip8.unsuccessfulbuild".
       ClCompile:
         C:\Program Files\Microsoft Visual Studio 10.0\VC\bin\CL.exe /c /ZI /nologo /W3 /WX- /Od /Oy- /D WIN32 /D _DEBUG /D _WINDOWS /D _UNICODE /D UNICODE /Gm /EHsc /RTC1 /MDd /GS /fp:precise /Zc:wchar_t /Zc:forScope /Fo"Debug\\" /Fd"Debug\vc100.pdb" /Gd /TP /analyze- /errorReport:prompt main.cpp
         main.cpp
     1>i:\[learn] programming c visual studio\learncode\cyclonchip8\main.cpp(50): warning C4244: 'argument' : conversion from 'time_t' to 'unsigned int', possible loss of data
       ManifestResourceCompile:
         C:\Program Files\Microsoft SDKs\Windows\v7.0A\bin\rc.exe /nologo /fo"Debug\cyclonchip8.exe.embed.manifest.res" Debug\cyclonchip8_manifest.rc 
       Link:
         C:\Program Files\Microsoft Visual Studio 10.0\VC\bin\link.exe /ERRORREPORT:PROMPT /OUT:"I:\[Learn] Programming C Visual Studio\LearnCode\cyclonchip8\Debug\cyclonchip8.exe" /INCREMENTAL /NOLOGO SDL.lib SDLmain.lib kernel32.lib user32.lib gdi32.lib winspool.lib comdlg32.lib advapi32.lib shell32.lib ole32.lib oleaut32.lib uuid.lib odbc32.lib odbccp32.lib /MANIFEST /ManifestFile:"Debug\cyclonchip8.exe.intermediate.manifest" /MANIFESTUAC:"level='asInvoker' uiAccess='false'" /DEBUG /PDB:"I:\[Learn] Programming C Visual Studio\LearnCode\cyclonchip8\Debug\cyclonchip8.pdb" /SUBSYSTEM:WINDOWS /TLBID:1 /DYNAMICBASE /NXCOMPAT /IMPLIB:"I:\[Learn] Programming C Visual Studio\LearnCode\cyclonchip8\Debug\cyclonchip8.lib" /MACHINE:X86 Debug\cyclonchip8.exe.embed.manifest.res
         Debug\main.obj
     1>MSVCRTD.lib(cinitexe.obj) : warning LNK4098: defaultlib 'msvcrt.lib' conflicts with use of other libs; use /NODEFAULTLIB:library
       Manifest:
         C:\Program Files\Microsoft SDKs\Windows\v7.0A\bin\mt.exe /nologo /verbose /out:"Debug\cyclonchip8.exe.embed.manifest" /manifest Debug\cyclonchip8.exe.intermediate.manifest
         C:\Program Files\Microsoft SDKs\Windows\v7.0A\bin\rc.exe /nologo /fo"Debug\cyclonchip8.exe.embed.manifest.res" Debug\cyclonchip8_manifest.rc 
       LinkEmbedManifest:
         C:\Program Files\Microsoft Visual Studio 10.0\VC\bin\link.exe /ERRORREPORT:PROMPT /OUT:"I:\[Learn] Programming C Visual Studio\LearnCode\cyclonchip8\Debug\cyclonchip8.exe" /INCREMENTAL /NOLOGO SDL.lib SDLmain.lib kernel32.lib user32.lib gdi32.lib winspool.lib comdlg32.lib advapi32.lib shell32.lib ole32.lib oleaut32.lib uuid.lib odbc32.lib odbccp32.lib /MANIFEST /ManifestFile:"Debug\cyclonchip8.exe.intermediate.manifest" /MANIFESTUAC:"level='asInvoker' uiAccess='false'" /DEBUG /PDB:"I:\[Learn] Programming C Visual Studio\LearnCode\cyclonchip8\Debug\cyclonchip8.pdb" /SUBSYSTEM:WINDOWS /TLBID:1 /DYNAMICBASE /NXCOMPAT /IMPLIB:"I:\[Learn] Programming C Visual Studio\LearnCode\cyclonchip8\Debug\cyclonchip8.lib" /MACHINE:X86 Debug\cyclonchip8.exe.embed.manifest.res
         Debug\main.obj
     1>MSVCRTD.lib(cinitexe.obj) : warning LNK4098: defaultlib 'msvcrt.lib' conflicts with use of other libs; use /NODEFAULTLIB:library
         cyclonchip8.vcxproj -> I:\[Learn] Programming C Visual Studio\LearnCode\cyclonchip8\Debug\cyclonchip8.exe
       FinalizeBuildStatus:
         Deleting file "Debug\cyclonchip8.unsuccessfulbuild".
         Touching "Debug\cyclonchip8.lastbuildstate".
     1>Done Building Project "I:\[Learn] Programming C Visual Studio\LearnCode\cyclonchip8\cyclonchip8.vcxproj" (build target(s)).

Build succeeded.

Time Elapsed 00:00:01.20
